<?xml version="1.0" encoding="UTF-8"?>
<!-- Generated by org.testng.reporters.JUnitReportReporter -->
<testsuite skipped="0" hostname="ALIPLR2726" name="learning.AppiumFramework.ApiDemosTest" tests="2" failures="0" timestamp="2020-03-10T12:10:20 IST" time="82.110" errors="0">
  <testcase name="apiDemo" time="44.854" classname="learning.AppiumFramework.ApiDemosTest"/>
  <system-out/>
  <testcase name="apiDemo" time="37.256" classname="learning.AppiumFramework.ApiDemosTest"/>
  <system-out/>
</testsuite> <!-- learning.AppiumFramework.ApiDemosTest -->
