<?xml version="1.0" encoding="UTF-8"?>
<!-- Generated by org.testng.reporters.JUnitReportReporter -->
<testsuite skipped="0" hostname="ALIPLR2726" name="learning.AppiumFramework.Ecommerce_tc3" tests="1" failures="0" timestamp="2020-03-10T12:10:20 IST" time="56.887" errors="0">
  <testcase name="totalValidation" time="56.887" classname="learning.AppiumFramework.Ecommerce_tc3"/>
  <system-out/>
</testsuite> <!-- learning.AppiumFramework.Ecommerce_tc3 -->
