<?xml version="1.0" encoding="UTF-8"?>
<!-- Generated by org.testng.reporters.JUnitReportReporter -->
<testsuite skipped="0" hostname="ALIPLR2726" name="learning.AppiumFramework.ApiDemosTest" tests="2" failures="0" timestamp="10 Mar 2020 07:23:44 GMT" time="84.568" errors="0">
  <testcase name="apiDemo" time="41.743" classname="learning.AppiumFramework.ApiDemosTest"/>
  <testcase name="apiDemo" time="42.825" classname="learning.AppiumFramework.ApiDemosTest"/>
</testsuite> <!-- learning.AppiumFramework.ApiDemosTest -->
