<?xml version="1.0" encoding="UTF-8"?>
<!-- Generated by org.testng.reporters.JUnitReportReporter -->
<testsuite skipped="0" hostname="ALIPLR2726" name="learning.AppiumFramework.Ecommerce_tc3" tests="1" failures="0" timestamp="17 Mar 2020 10:42:10 GMT" time="63.946" errors="0">
  <testcase name="totalValidation" time="63.946" classname="learning.AppiumFramework.Ecommerce_tc3"/>
</testsuite> <!-- learning.AppiumFramework.Ecommerce_tc3 -->
